<?xml version="1.0" encoding="UTF-8"?>
<!-- Generated by org.testng.reporters.JUnitXMLReporter -->
<testsuite hostname="Jannah" name="Default test" tests="12" failures="0" timestamp="23 Jun 2019 15:00:50 GMT" time="287.415" errors="0">
  <testcase name="verifyTermsAndConditionDefaultState" time="17.796" classname="com.stc.testcases.Sprint1Cases"/>
  <testcase name="verifyOffersAndAlertsDefaultState" time="2.649" classname="com.stc.testcases.Sprint1Cases"/>
  <testcase name="OffersAndAlertsDeselect" time="2.447" classname="com.stc.testcases.Sprint1Cases"/>
  <testcase name="duplicateMobileNumberError" time="7.131" classname="com.stc.testcases.Sprint1Cases"/>
  <testcase name="duplicateEmailError" time="6.311" classname="com.stc.testcases.Sprint1Cases"/>
  <testcase name="InvalidMobileNumErrorMsg" time="5.768" classname="com.stc.testcases.Sprint1Cases"/>
  <testcase name="InvalidEmailErrorMsg" time="5.717" classname="com.stc.testcases.Sprint1Cases"/>
  <testcase name="smallPasswordErrorMsg" time="5.939" classname="com.stc.testcases.Sprint1Cases"/>
  <testcase name="checkoutWithoutEmailMobileVerification" time="75.639" classname="com.stc.testcases.Sprint1Cases"/>
  <testcase name="notifyMeRegisteredUser" time="54.758" classname="com.stc.testcases.Sprint1Cases"/>
  <testcase name="notifyMeGuestUser" time="27.437" classname="com.stc.testcases.Sprint1Cases"/>
  <testcase name="notifyMeTwoCities" time="75.815" classname="com.stc.testcases.Sprint1Cases"/>
</testsuite> <!-- Default test -->
